Build started 2/19/2016 11:11:57 PM.
     1>Project "C:\Users\001E\Downloads\Telegram Desktop\prototype\prototype\prototype.vcxproj" on node 2 (Build target(s)).
     1>CustomBuild:
         Moc'ing prototype.h...
         The system cannot find the path specified.
         Uic'ing prototype.ui...
         The system cannot find the path specified.
         Rcc'ing prototype.qrc...
         The system cannot find the path specified.
     1>C:\Program Files (x86)\MSBuild\Microsoft.Cpp\v4.0\V120\Microsoft.CppCommon.targets(170,5): error MSB6006: "cmd.exe" exited with code 3.
     1>Done Building Project "C:\Users\001E\Downloads\Telegram Desktop\prototype\prototype\prototype.vcxproj" (Build target(s)) -- FAILED.

Build FAILED.

Time Elapsed 00:00:00.36
